Using launch settings from /home/manu/alquilando/AlquileresApp.UI/Properties/launchSettings.json...
Building...
/home/manu/alquilando/AlquileresApp.UI/AlquileresApp.UI.csproj : warning NU1701: Package 'Geocoding.net 3.6.1' was restored using '.NETFramework,Version=v4.6.1, .NETFramework,Version=v4.6.2, .NETFramework,Version=v4.7, .NETFramework,Version=v4.7.1, .NETFramework,Version=v4.7.2, .NETFramework,Version=v4.8, .NETFramework,Version=v4.8.1' instead of the project target framework 'net9.0'. This package may not be fully compatible with your project.
/home/manu/alquilando/AlquileresApp.UI/AlquileresApp.UI.csproj : warning NU1701: Package 'Geocoding.net 3.6.1' was restored using '.NETFramework,Version=v4.6.1, .NETFramework,Version=v4.6.2, .NETFramework,Version=v4.7, .NETFramework,Version=v4.7.1, .NETFramework,Version=v4.7.2, .NETFramework,Version=v4.8, .NETFramework,Version=v4.8.1' instead of the project target framework 'net9.0'. This package may not be fully compatible with your project.
Asegurando que la base de datos existe...
Configurando base de datos en: /home/manu/alquilando/AlquileresApp.Data/Alquilando.db
info: Microsoft.EntityFrameworkCore.Database.Command[20101]
      Executed DbCommand (10ms) [Parameters=[], CommandType='Text', CommandTimeout='30']
      SELECT COUNT(*) FROM "sqlite_master" WHERE "type" = 'table' AND "rootpage" IS NOT NULL;
Base de datos creada o verificada.
Inicializando datos de prueba...
info: Microsoft.EntityFrameworkCore.Database.Command[20101]
      Executed DbCommand (0ms) [Parameters=[], CommandType='Text', CommandTimeout='30']
      SELECT EXISTS (
          SELECT 1
          FROM "Usuarios" AS "u")
Datos de prueba inicializados correctamente.
info: Microsoft.EntityFrameworkCore.Database.Command[20101]
      Executed DbCommand (0ms) [Parameters=[], CommandType='Text', CommandTimeout='30']
      SELECT EXISTS (
          SELECT 1
          FROM "Usuarios" AS "u")
Ya existen usuarios en la base de datos.
info: Microsoft.EntityFrameworkCore.Database.Command[20101]
      Executed DbCommand (0ms) [Parameters=[], CommandType='Text', CommandTimeout='30']
      SELECT "u"."Id", "u"."Apellido", "u"."Contraseña", "u"."Email", "u"."FechaNacimiento", "u"."Nombre", "u"."Rol", "u"."Telefono"
      FROM "Usuarios" AS "u"
Usuario existente: admi@gmail.com
Usuario existente: milagrosguasco11@gmail.com
Usuario existente: maria.garcia@test.com
warn: Microsoft.AspNetCore.Server.Kestrel.Core.KestrelServer[8]
      The ASP.NET Core developer certificate is not trusted. For information about trusting the ASP.NET Core developer certificate, see https://aka.ms/aspnet/https-trust-dev-cert
info: Microsoft.Hosting.Lifetime[14]
      Now listening on: https://localhost:7234
info: Microsoft.Hosting.Lifetime[14]
      Now listening on: http://localhost:5234
info: Microsoft.Hosting.Lifetime[0]
      Application started. Press Ctrl+C to shut down.
info: Microsoft.Hosting.Lifetime[0]
      Hosting environment: Development
info: Microsoft.Hosting.Lifetime[0]
      Content root path: /home/manu/alquilando/AlquileresApp.UI
